<?xml version="1.0" encoding="UTF-8"?>
<!-- Generated by org.testng.reporters.JUnitReportReporter -->
<testsuite skipped="0" hostname="Rakesh-PC" name="Academy.HomePage" tests="2" failures="0" timestamp="07 Dec 2019 14:11:10 GMT" time="102.413" errors="0">
  <testcase name="basePageNavigation" time="67.861" classname="Academy.HomePage"/>
  <testcase name="basePageNavigation" time="34.552" classname="Academy.HomePage"/>
</testsuite> <!-- Academy.HomePage -->
