<?xml version="1.0" encoding="UTF-8"?>
<!-- Generated by org.testng.reporters.JUnitReportReporter -->
<testsuite skipped="0" hostname="Rakesh-PC" name="Academy.validateNavigationBar" tests="1" failures="0" timestamp="07 Dec 2019 14:11:10 GMT" time="0.124" errors="0">
  <testcase name="validateAppNavBar" time="0.124" classname="Academy.validateNavigationBar"/>
</testsuite> <!-- Academy.validateNavigationBar -->
